<?xml version="1.0" encoding="UTF-8" ?>
<testsuite tests="98" failures="0" name="RegressionL3T1Test" time="0.136" errors="0" skipped="0">
  <properties>
    <property name="java.runtime.name" value="OpenJDK Runtime Environment"/>
    <property name="java.vm.version" value="19"/>
    <property name="sun.boot.library.path" value="/usr/local/Cellar/openjdk/19/libexec/openjdk.jdk/Contents/Home/lib"/>
    <property name="maven.multiModuleProjectDirectory" value="/Users/rosariaritacanale/git/T9-G13/projects/project_2"/>
    <property name="java.vm.vendor" value="Homebrew"/>
    <property name="java.vendor.url" value="https://github.com/Homebrew/homebrew-core/issues"/>
    <property name="guice.disable.misplaced.annotation.check" value="true"/>
    <property name="path.separator" value=":"/>
    <property name="java.vm.name" value="OpenJDK 64-Bit Server VM"/>
    <property name="user.country" value="IT"/>
    <property name="sun.java.launcher" value="SUN_STANDARD"/>
    <property name="java.vm.specification.name" value="Java Virtual Machine Specification"/>
    <property name="user.dir" value="/Users/rosariaritacanale/git/T9-G13/projects/project_2"/>
    <property name="java.vm.compressedOopsMode" value="Zero based"/>
    <property name="java.runtime.version" value="19"/>
    <property name="os.arch" value="x86_64"/>
    <property name="java.io.tmpdir" value="/var/folders/v3/l9dd019d6xxcsv4ghlbrhy0w0000gn/T/"/>
    <property name="line.separator" value="
"/>
    <property name="java.vm.specification.vendor" value="Oracle Corporation"/>
    <property name="stderr.encoding" value="UTF-8"/>
    <property name="os.name" value="Mac OS X"/>
    <property name="classworlds.conf" value="/usr/local/Cellar/maven/3.8.6/libexec/bin/m2.conf"/>
    <property name="sun.jnu.encoding" value="UTF-8"/>
    <property name="stdout.encoding" value="UTF-8"/>
    <property name="java.library.path" value="/Users/rosariaritacanale/Library/Java/Extensions:/Library/Java/Extensions:/Network/Library/Java/Extensions:/System/Library/Java/Extensions:/usr/lib/java:."/>
    <property name="maven.conf" value="/usr/local/Cellar/maven/3.8.6/libexec/conf"/>
    <property name="jdk.debug" value="release"/>
    <property name="java.class.version" value="63.0"/>
    <property name="java.specification.name" value="Java Platform API Specification"/>
    <property name="sun.management.compiler" value="HotSpot 64-Bit Tiered Compilers"/>
    <property name="os.version" value="12.6"/>
    <property name="library.jansi.path" value="/usr/local/Cellar/maven/3.8.6/libexec/lib/jansi-native"/>
    <property name="http.nonProxyHosts" value="local|*.local|169.254/16|*.169.254/16"/>
    <property name="user.home" value="/Users/rosariaritacanale"/>
    <property name="user.timezone" value="Europe/Rome"/>
    <property name="file.encoding" value="UTF-8"/>
    <property name="java.specification.version" value="19"/>
    <property name="user.name" value="rosariaritacanale"/>
    <property name="java.class.path" value="/usr/local/Cellar/maven/3.8.6/libexec/boot/plexus-classworlds-2.6.0.jar"/>
    <property name="java.vm.specification.version" value="19"/>
    <property name="sun.arch.data.model" value="64"/>
    <property name="sun.java.command" value="org.codehaus.plexus.classworlds.launcher.Launcher test"/>
    <property name="java.home" value="/usr/local/Cellar/openjdk/19/libexec/openjdk.jdk/Contents/Home"/>
    <property name="apple.awt.application.name" value="Launcher"/>
    <property name="user.language" value="it"/>
    <property name="java.specification.vendor" value="Oracle Corporation"/>
    <property name="java.vm.info" value="mixed mode, sharing"/>
    <property name="java.version" value="19"/>
    <property name="native.encoding" value="UTF-8"/>
    <property name="java.vendor" value="Homebrew"/>
    <property name="maven.home" value="/usr/local/Cellar/maven/3.8.6/libexec"/>
    <property name="file.separator" value="/"/>
    <property name="java.version.date" value="2022-09-20"/>
    <property name="java.vendor.url.bug" value="https://github.com/Homebrew/homebrew-core/issues"/>
    <property name="sun.io.unicode.encoding" value="UnicodeBig"/>
    <property name="sun.cpu.endian" value="little"/>
    <property name="java.vendor.version" value="Homebrew"/>
    <property name="socksNonProxyHosts" value="local|*.local|169.254/16|*.169.254/16"/>
    <property name="ftp.nonProxyHosts" value="local|*.local|169.254/16|*.169.254/16"/>
  </properties>
  <testcase classname="RegressionL3T1Test0" name="test01" time="0.037"/>
  <testcase classname="RegressionL3T1Test0" name="test02" time="0"/>
  <testcase classname="RegressionL3T1Test0" name="test03" time="0.01"/>
  <testcase classname="RegressionL3T1Test0" name="test04" time="0"/>
  <testcase classname="RegressionL3T1Test0" name="test05" time="0"/>
  <testcase classname="RegressionL3T1Test0" name="test06" time="0"/>
  <testcase classname="RegressionL3T1Test0" name="test07" time="0"/>
  <testcase classname="RegressionL3T1Test0" name="test08" time="0"/>
  <testcase classname="RegressionL3T1Test0" name="test09" time="0"/>
  <testcase classname="RegressionL3T1Test0" name="test10" time="0"/>
  <testcase classname="RegressionL3T1Test0" name="test11" time="0"/>
  <testcase classname="RegressionL3T1Test0" name="test12" time="0"/>
  <testcase classname="RegressionL3T1Test0" name="test13" time="0"/>
  <testcase classname="RegressionL3T1Test0" name="test14" time="0"/>
  <testcase classname="RegressionL3T1Test0" name="test15" time="0"/>
  <testcase classname="RegressionL3T1Test0" name="test16" time="0.001"/>
  <testcase classname="RegressionL3T1Test0" name="test17" time="0"/>
  <testcase classname="RegressionL3T1Test0" name="test18" time="0.003"/>
  <testcase classname="RegressionL3T1Test0" name="test19" time="0.007"/>
  <testcase classname="RegressionL3T1Test0" name="test20" time="0"/>
  <testcase classname="RegressionL3T1Test0" name="test21" time="0"/>
  <testcase classname="RegressionL3T1Test0" name="test22" time="0"/>
  <testcase classname="RegressionL3T1Test0" name="test23" time="0"/>
  <testcase classname="RegressionL3T1Test0" name="test24" time="0.003"/>
  <testcase classname="RegressionL3T1Test0" name="test25" time="0"/>
  <testcase classname="RegressionL3T1Test0" name="test26" time="0.003"/>
  <testcase classname="RegressionL3T1Test0" name="test27" time="0.001"/>
  <testcase classname="RegressionL3T1Test0" name="test28" time="0"/>
  <testcase classname="RegressionL3T1Test0" name="test29" time="0"/>
  <testcase classname="RegressionL3T1Test0" name="test30" time="0.001"/>
  <testcase classname="RegressionL3T1Test0" name="test31" time="0"/>
  <testcase classname="RegressionL3T1Test0" name="test32" time="0"/>
  <testcase classname="RegressionL3T1Test0" name="test33" time="0.009"/>
  <testcase classname="RegressionL3T1Test0" name="test34" time="0"/>
  <testcase classname="RegressionL3T1Test0" name="test35" time="0"/>
  <testcase classname="RegressionL3T1Test0" name="test36" time="0"/>
  <testcase classname="RegressionL3T1Test0" name="test37" time="0"/>
  <testcase classname="RegressionL3T1Test0" name="test38" time="0"/>
  <testcase classname="RegressionL3T1Test0" name="test39" time="0"/>
  <testcase classname="RegressionL3T1Test0" name="test40" time="0"/>
  <testcase classname="RegressionL3T1Test0" name="test41" time="0"/>
  <testcase classname="RegressionL3T1Test0" name="test42" time="0"/>
  <testcase classname="RegressionL3T1Test0" name="test43" time="0.007"/>
  <testcase classname="RegressionL3T1Test0" name="test44" time="0"/>
  <testcase classname="RegressionL3T1Test0" name="test45" time="0"/>
  <testcase classname="RegressionL3T1Test0" name="test46" time="0"/>
  <testcase classname="RegressionL3T1Test0" name="test47" time="0.008"/>
  <testcase classname="RegressionL3T1Test0" name="test48" time="0"/>
  <testcase classname="RegressionL3T1Test0" name="test49" time="0"/>
  <testcase classname="RegressionL3T1Test0" name="test50" time="0"/>
  <testcase classname="RegressionL3T1Test0" name="test51" time="0"/>
  <testcase classname="RegressionL3T1Test0" name="test52" time="0"/>
  <testcase classname="RegressionL3T1Test0" name="test53" time="0"/>
  <testcase classname="RegressionL3T1Test0" name="test54" time="0.008"/>
  <testcase classname="RegressionL3T1Test0" name="test55" time="0"/>
  <testcase classname="RegressionL3T1Test0" name="test56" time="0"/>
  <testcase classname="RegressionL3T1Test0" name="test57" time="0"/>
  <testcase classname="RegressionL3T1Test0" name="test58" time="0"/>
  <testcase classname="RegressionL3T1Test0" name="test59" time="0"/>
  <testcase classname="RegressionL3T1Test0" name="test60" time="0"/>
  <testcase classname="RegressionL3T1Test0" name="test61" time="0"/>
  <testcase classname="RegressionL3T1Test0" name="test62" time="0"/>
  <testcase classname="RegressionL3T1Test0" name="test63" time="0"/>
  <testcase classname="RegressionL3T1Test0" name="test64" time="0"/>
  <testcase classname="RegressionL3T1Test0" name="test65" time="0"/>
  <testcase classname="RegressionL3T1Test0" name="test66" time="0"/>
  <testcase classname="RegressionL3T1Test0" name="test67" time="0"/>
  <testcase classname="RegressionL3T1Test0" name="test68" time="0.009"/>
  <testcase classname="RegressionL3T1Test0" name="test69" time="0"/>
  <testcase classname="RegressionL3T1Test0" name="test70" time="0"/>
  <testcase classname="RegressionL3T1Test0" name="test71" time="0"/>
  <testcase classname="RegressionL3T1Test0" name="test72" time="0"/>
  <testcase classname="RegressionL3T1Test0" name="test73" time="0"/>
  <testcase classname="RegressionL3T1Test0" name="test74" time="0"/>
  <testcase classname="RegressionL3T1Test0" name="test75" time="0"/>
  <testcase classname="RegressionL3T1Test0" name="test76" time="0"/>
  <testcase classname="RegressionL3T1Test0" name="test77" time="0"/>
  <testcase classname="RegressionL3T1Test0" name="test78" time="0"/>
  <testcase classname="RegressionL3T1Test0" name="test79" time="0"/>
  <testcase classname="RegressionL3T1Test0" name="test80" time="0"/>
  <testcase classname="RegressionL3T1Test0" name="test81" time="0.003"/>
  <testcase classname="RegressionL3T1Test0" name="test82" time="0.005"/>
  <testcase classname="RegressionL3T1Test0" name="test83" time="0.001"/>
  <testcase classname="RegressionL3T1Test0" name="test84" time="0.005"/>
  <testcase classname="RegressionL3T1Test0" name="test85" time="0"/>
  <testcase classname="RegressionL3T1Test0" name="test86" time="0"/>
  <testcase classname="RegressionL3T1Test0" name="test87" time="0"/>
  <testcase classname="RegressionL3T1Test0" name="test88" time="0"/>
  <testcase classname="RegressionL3T1Test0" name="test89" time="0.001"/>
  <testcase classname="RegressionL3T1Test0" name="test90" time="0.001"/>
  <testcase classname="RegressionL3T1Test0" name="test91" time="0"/>
  <testcase classname="RegressionL3T1Test0" name="test92" time="0.001"/>
  <testcase classname="RegressionL3T1Test0" name="test93" time="0.001"/>
  <testcase classname="RegressionL3T1Test0" name="test94" time="0.001"/>
  <testcase classname="RegressionL3T1Test0" name="test95" time="0.004"/>
  <testcase classname="RegressionL3T1Test0" name="test96" time="0.004"/>
  <testcase classname="RegressionL3T1Test0" name="test97" time="0.001"/>
  <testcase classname="RegressionL3T1Test0" name="test98" time="0.001"/>
</testsuite>