<?xml version="1.0" encoding="UTF-8" ?>
<testsuite tests="18" failures="0" name="RegressionL1T0Test" time="0.062" errors="0" skipped="0">
  <properties>
    <property name="java.runtime.name" value="OpenJDK Runtime Environment"/>
    <property name="java.vm.version" value="19"/>
    <property name="sun.boot.library.path" value="/usr/local/Cellar/openjdk/19/libexec/openjdk.jdk/Contents/Home/lib"/>
    <property name="maven.multiModuleProjectDirectory" value="/Users/rosariaritacanale/git/T9-G13/project"/>
    <property name="java.vm.vendor" value="Homebrew"/>
    <property name="java.vendor.url" value="https://github.com/Homebrew/homebrew-core/issues"/>
    <property name="guice.disable.misplaced.annotation.check" value="true"/>
    <property name="path.separator" value=":"/>
    <property name="java.vm.name" value="OpenJDK 64-Bit Server VM"/>
    <property name="user.country" value="IT"/>
    <property name="sun.java.launcher" value="SUN_STANDARD"/>
    <property name="java.vm.specification.name" value="Java Virtual Machine Specification"/>
    <property name="user.dir" value="/Users/rosariaritacanale/git/T9-G13/project"/>
    <property name="java.vm.compressedOopsMode" value="Zero based"/>
    <property name="java.runtime.version" value="19"/>
    <property name="os.arch" value="x86_64"/>
    <property name="java.io.tmpdir" value="/var/folders/v3/l9dd019d6xxcsv4ghlbrhy0w0000gn/T/"/>
    <property name="line.separator" value="
"/>
    <property name="java.vm.specification.vendor" value="Oracle Corporation"/>
    <property name="stderr.encoding" value="UTF-8"/>
    <property name="os.name" value="Mac OS X"/>
    <property name="classworlds.conf" value="/usr/local/Cellar/maven/3.8.6/libexec/bin/m2.conf"/>
    <property name="sun.jnu.encoding" value="UTF-8"/>
    <property name="stdout.encoding" value="UTF-8"/>
    <property name="java.library.path" value="/Users/rosariaritacanale/Library/Java/Extensions:/Library/Java/Extensions:/Network/Library/Java/Extensions:/System/Library/Java/Extensions:/usr/lib/java:."/>
    <property name="maven.conf" value="/usr/local/Cellar/maven/3.8.6/libexec/conf"/>
    <property name="jdk.debug" value="release"/>
    <property name="java.class.version" value="63.0"/>
    <property name="java.specification.name" value="Java Platform API Specification"/>
    <property name="sun.management.compiler" value="HotSpot 64-Bit Tiered Compilers"/>
    <property name="os.version" value="12.6"/>
    <property name="library.jansi.path" value="/usr/local/Cellar/maven/3.8.6/libexec/lib/jansi-native"/>
    <property name="http.nonProxyHosts" value="local|*.local|169.254/16|*.169.254/16"/>
    <property name="user.home" value="/Users/rosariaritacanale"/>
    <property name="user.timezone" value="Europe/Rome"/>
    <property name="file.encoding" value="UTF-8"/>
    <property name="java.specification.version" value="19"/>
    <property name="user.name" value="rosariaritacanale"/>
    <property name="java.class.path" value="/usr/local/Cellar/maven/3.8.6/libexec/boot/plexus-classworlds-2.6.0.jar"/>
    <property name="java.vm.specification.version" value="19"/>
    <property name="sun.arch.data.model" value="64"/>
    <property name="sun.java.command" value="org.codehaus.plexus.classworlds.launcher.Launcher test"/>
    <property name="java.home" value="/usr/local/Cellar/openjdk/19/libexec/openjdk.jdk/Contents/Home"/>
    <property name="apple.awt.application.name" value="Launcher"/>
    <property name="user.language" value="it"/>
    <property name="java.specification.vendor" value="Oracle Corporation"/>
    <property name="java.vm.info" value="mixed mode, sharing"/>
    <property name="java.version" value="19"/>
    <property name="native.encoding" value="UTF-8"/>
    <property name="java.vendor" value="Homebrew"/>
    <property name="maven.home" value="/usr/local/Cellar/maven/3.8.6/libexec"/>
    <property name="file.separator" value="/"/>
    <property name="java.version.date" value="2022-09-20"/>
    <property name="java.vendor.url.bug" value="https://github.com/Homebrew/homebrew-core/issues"/>
    <property name="sun.io.unicode.encoding" value="UnicodeBig"/>
    <property name="sun.cpu.endian" value="little"/>
    <property name="java.vendor.version" value="Homebrew"/>
    <property name="socksNonProxyHosts" value="local|*.local|169.254/16|*.169.254/16"/>
    <property name="ftp.nonProxyHosts" value="local|*.local|169.254/16|*.169.254/16"/>
  </properties>
  <testcase classname="RegressionL1T0Test0" name="test01" time="0.033"/>
  <testcase classname="RegressionL1T0Test0" name="test02" time="0"/>
  <testcase classname="RegressionL1T0Test0" name="test03" time="0.013"/>
  <testcase classname="RegressionL1T0Test0" name="test04" time="0"/>
  <testcase classname="RegressionL1T0Test0" name="test05" time="0"/>
  <testcase classname="RegressionL1T0Test0" name="test06" time="0.003"/>
  <testcase classname="RegressionL1T0Test0" name="test07" time="0"/>
  <testcase classname="RegressionL1T0Test0" name="test08" time="0"/>
  <testcase classname="RegressionL1T0Test0" name="test09" time="0.002"/>
  <testcase classname="RegressionL1T0Test0" name="test10" time="0"/>
  <testcase classname="RegressionL1T0Test0" name="test11" time="0.001"/>
  <testcase classname="RegressionL1T0Test0" name="test12" time="0"/>
  <testcase classname="RegressionL1T0Test0" name="test13" time="0"/>
  <testcase classname="RegressionL1T0Test0" name="test14" time="0"/>
  <testcase classname="RegressionL1T0Test0" name="test15" time="0.002"/>
  <testcase classname="RegressionL1T0Test0" name="test16" time="0.003"/>
  <testcase classname="RegressionL1T0Test0" name="test17" time="0.005"/>
  <testcase classname="RegressionL1T0Test0" name="test18" time="0"/>
</testsuite>