<?xml version="1.0" encoding="UTF-8"?>
<testsuite xmlns:xsi="http://www.w3.org/2001/XMLSchema-instance" xsi:noNamespaceSchemaLocation="https://maven.apache.org/surefire/maven-surefire-plugin/xsd/surefire-test-report-3.0.xsd" version="3.0" name="RegressionTest" time="0.075" tests="29" errors="0" skipped="0" failures="0">
  <properties>
    <property name="java.specification.version" value="19"/>
    <property name="sun.jnu.encoding" value="UTF-8"/>
    <property name="java.class.path" value="/Users/salvatorebramante/PycharmProjects/T9/target/test-classes:/Users/salvatorebramante/PycharmProjects/T9/target/classes:/Users/salvatorebramante/.m2/repository/junit/junit/4.13.2/junit-4.13.2.jar:/Users/salvatorebramante/.m2/repository/org/hamcrest/hamcrest-core/1.3/hamcrest-core-1.3.jar:"/>
    <property name="java.vm.vendor" value="Homebrew"/>
    <property name="sun.arch.data.model" value="64"/>
    <property name="java.vendor.url" value="https://github.com/Homebrew/homebrew-core/issues"/>
    <property name="os.name" value="Mac OS X"/>
    <property name="java.vm.specification.version" value="19"/>
    <property name="sun.java.launcher" value="SUN_STANDARD"/>
    <property name="user.country" value="IT"/>
    <property name="sun.boot.library.path" value="/opt/homebrew/Cellar/openjdk/19.0.2/libexec/openjdk.jdk/Contents/Home/lib"/>
    <property name="sun.java.command" value="/Users/salvatorebramante/PycharmProjects/T9/target/surefire/surefirebooter-20230504165308882_3.jar /Users/salvatorebramante/PycharmProjects/T9/target/surefire 2023-05-04T16-53-08_793-jvmRun1 surefire-20230504165308882_1tmp surefire_0-20230504165308882_2tmp"/>
    <property name="http.nonProxyHosts" value="local|*.local|169.254/16|*.169.254/16"/>
    <property name="jdk.debug" value="release"/>
    <property name="surefire.test.class.path" value="/Users/salvatorebramante/PycharmProjects/T9/target/test-classes:/Users/salvatorebramante/PycharmProjects/T9/target/classes:/Users/salvatorebramante/.m2/repository/junit/junit/4.13.2/junit-4.13.2.jar:/Users/salvatorebramante/.m2/repository/org/hamcrest/hamcrest-core/1.3/hamcrest-core-1.3.jar:"/>
    <property name="sun.cpu.endian" value="little"/>
    <property name="user.home" value="/Users/salvatorebramante"/>
    <property name="user.language" value="it"/>
    <property name="java.specification.vendor" value="Oracle Corporation"/>
    <property name="java.version.date" value="2023-01-17"/>
    <property name="java.home" value="/opt/homebrew/Cellar/openjdk/19.0.2/libexec/openjdk.jdk/Contents/Home"/>
    <property name="file.separator" value="/"/>
    <property name="basedir" value="/Users/salvatorebramante/PycharmProjects/T9"/>
    <property name="java.vm.compressedOopsMode" value="Zero based"/>
    <property name="line.separator" value="&#10;"/>
    <property name="java.vm.specification.vendor" value="Oracle Corporation"/>
    <property name="java.specification.name" value="Java Platform API Specification"/>
    <property name="apple.awt.application.name" value="ForkedBooter"/>
    <property name="surefire.real.class.path" value="/Users/salvatorebramante/PycharmProjects/T9/target/surefire/surefirebooter-20230504165308882_3.jar"/>
    <property name="sun.management.compiler" value="HotSpot 64-Bit Tiered Compilers"/>
    <property name="ftp.nonProxyHosts" value="local|*.local|169.254/16|*.169.254/16"/>
    <property name="java.runtime.version" value="19.0.2"/>
    <property name="user.name" value="salvatorebramante"/>
    <property name="stdout.encoding" value="UTF-8"/>
    <property name="path.separator" value=":"/>
    <property name="os.version" value="13.2.1"/>
    <property name="java.runtime.name" value="OpenJDK Runtime Environment"/>
    <property name="file.encoding" value="UTF-8"/>
    <property name="java.vm.name" value="OpenJDK 64-Bit Server VM"/>
    <property name="java.vendor.version" value="Homebrew"/>
    <property name="localRepository" value="/Users/salvatorebramante/.m2/repository"/>
    <property name="java.vendor.url.bug" value="https://github.com/Homebrew/homebrew-core/issues"/>
    <property name="java.io.tmpdir" value="/var/folders/27/l2b0k0l54xgcg13bp6gg7wz40000gn/T/"/>
    <property name="java.version" value="19.0.2"/>
    <property name="user.dir" value="/Users/salvatorebramante/PycharmProjects/T9"/>
    <property name="os.arch" value="aarch64"/>
    <property name="java.vm.specification.name" value="Java Virtual Machine Specification"/>
    <property name="native.encoding" value="UTF-8"/>
    <property name="java.library.path" value="/Users/salvatorebramante/Library/Java/Extensions:/Library/Java/Extensions:/Network/Library/Java/Extensions:/System/Library/Java/Extensions:/usr/lib/java:."/>
    <property name="java.vm.info" value="mixed mode, sharing"/>
    <property name="stderr.encoding" value="UTF-8"/>
    <property name="java.vendor" value="Homebrew"/>
    <property name="java.vm.version" value="19.0.2"/>
    <property name="sun.io.unicode.encoding" value="UnicodeBig"/>
    <property name="socksNonProxyHosts" value="local|*.local|169.254/16|*.169.254/16"/>
    <property name="java.class.version" value="63.0"/>
  </properties>
  <testcase name="test01" classname="RegressionTest0" time="0.004"/>
  <testcase name="test02" classname="RegressionTest0" time="0.002"/>
  <testcase name="test03" classname="RegressionTest0" time="0.003"/>
  <testcase name="test04" classname="RegressionTest0" time="0"/>
  <testcase name="test05" classname="RegressionTest0" time="0"/>
  <testcase name="test06" classname="RegressionTest0" time="0"/>
  <testcase name="test07" classname="RegressionTest0" time="0.001"/>
  <testcase name="test08" classname="RegressionTest0" time="0"/>
  <testcase name="test09" classname="RegressionTest0" time="0.001"/>
  <testcase name="test10" classname="RegressionTest0" time="0"/>
  <testcase name="test11" classname="RegressionTest0" time="0.001"/>
  <testcase name="test12" classname="RegressionTest0" time="0"/>
  <testcase name="test13" classname="RegressionTest0" time="0"/>
  <testcase name="test14" classname="RegressionTest0" time="0.001"/>
  <testcase name="test15" classname="RegressionTest0" time="0"/>
  <testcase name="test16" classname="RegressionTest0" time="0"/>
  <testcase name="test17" classname="RegressionTest0" time="0"/>
  <testcase name="test18" classname="RegressionTest0" time="0"/>
  <testcase name="test19" classname="RegressionTest0" time="0"/>
  <testcase name="test20" classname="RegressionTest0" time="0"/>
  <testcase name="test21" classname="RegressionTest0" time="0.001"/>
  <testcase name="test22" classname="RegressionTest0" time="0"/>
  <testcase name="test23" classname="RegressionTest0" time="0"/>
  <testcase name="test24" classname="RegressionTest0" time="0"/>
  <testcase name="test25" classname="RegressionTest0" time="0"/>
  <testcase name="test26" classname="RegressionTest0" time="0"/>
  <testcase name="test27" classname="RegressionTest0" time="0"/>
  <testcase name="test28" classname="RegressionTest0" time="0.001"/>
  <testcase name="test29" classname="RegressionTest0" time="0"/>
</testsuite>